2019-09-17 16:49:04 子进程开始循环PID=7972
2019-09-17 16:49:04 子进程即将开始一个新Job,PID=7972JobInfo:false
2019-09-17 16:49:04 用户APP开始执行:
2019-09-17 16:49:04 找不到用户APP:
2019-09-17 16:49:04 用户APP执行成功:
2019-09-17 16:50:21 子进程开始循环PID=9872
2019-09-17 16:50:21 子进程即将开始一个新Job,PID=9872JobInfo:false
2019-09-17 16:50:21 用户APP开始执行:
2019-09-17 16:50:21 找不到用户APP:
2019-09-17 16:50:21 用户APP执行成功:
2019-09-17 16:51:44 子进程开始循环PID=1340
2019-09-17 16:51:44 子进程即将开始一个新Job,PID=1340JobInfo:false
2019-09-17 16:51:44 用户APP开始执行:
2019-09-17 16:51:44 找不到用户APP:
2019-09-17 16:51:44 用户APP执行成功:
2019-09-17 16:52:44 子进程开始循环PID=7020
2019-09-17 16:54:27 子进程开始循环PID=11324
2019-09-17 16:54:27 子进程即将开始一个新Job,PID=11324JobInfo:false
2019-09-17 16:54:27 用户APP开始执行:
2019-09-17 16:54:27 找不到用户APP:
2019-09-17 16:54:27 用户APP执行成功:
2019-09-17 16:55:01 子进程开始循环PID=7112
2019-09-17 16:55:15 子进程开始循环PID=7388
2019-09-17 16:56:59 子进程开始循环PID=8076
2019-09-17 16:57:27 ┌───────────────────────────── LineQue ─────────────────────────────┐
2019-09-17 16:57:27 ├───────────────────────────────────────────── LineQueVersion:1.0.0 ┤
2019-09-17 16:57:27 │感谢您选择LineQue                                                  │
2019-09-17 16:57:27 │LineQue是一款基于PHP的简单队列程序                                 │
2019-09-17 16:57:27 │本程序参考了很多PHP_RESQUE思想                                     │
2019-09-17 16:57:27 │需要更多帮助,请访问https://github.com/kk1987n/LineQue.git                 │
2019-09-17 16:57:27 │─进程信息──────────────────────────────────────────────────────────│
2019-09-17 16:57:27 │─运行参数──────────────────────────────────────────────────────────│
2019-09-17 16:57:27 │Queue:default                                                      │
2019-09-17 16:57:27 │Interval:5s                                                        │
2019-09-17 16:57:27 │LogPath:F:\wsp\linque\src/LineQue_default.log                      │
2019-09-17 16:57:27 │─数据库配置────────────────────────────────────────────────────────│
2019-09-17 16:57:27 │DBTYPE:Redis                                                       │
2019-09-17 16:57:27 │HOST:127.0.0.1                                                     │
2019-09-17 16:57:27 │PORT:6379                                                          │
2019-09-17 16:57:27 │PWD:***                                                            │
2019-09-17 16:57:27 │DBNAME:3                                                           │
2019-09-17 16:57:27 ├──────────────────────────────────────────────── PHPVersion:7.3.4 ┤
2019-09-17 16:57:27 └───────────────────────────────────────────────────────────────────┘
2019-09-17 16:57:27 子进程开始循环PID=8916
2019-09-17 17:04:25 ┌───────────────────────────── LineQue ─────────────────────────────┐
2019-09-17 17:04:25 ├───────────────────────────────────────────── LineQueVersion:1.0.0 ┤
2019-09-17 17:04:25 │感谢您选择LineQue                                                  │
2019-09-17 17:04:25 │LineQue是一款基于PHP的简单队列程序                                 │
2019-09-17 17:04:25 │本程序参考了很多PHP_RESQUE思想                                     │
2019-09-17 17:04:25 │需要更多帮助,请访问https://github.com/kk1987n/LineQue.git                 │
2019-09-17 17:04:25 │─进程信息──────────────────────────────────────────────────────────│
2019-09-17 17:04:25 │─运行参数──────────────────────────────────────────────────────────│
2019-09-17 17:04:25 │Queue:default                                                      │
2019-09-17 17:04:25 │Interval:5s                                                        │
2019-09-17 17:04:25 │LogPath:F:\wsp\linque\src/LineQue_default.log                      │
2019-09-17 17:04:25 │─数据库配置────────────────────────────────────────────────────────│
2019-09-17 17:04:25 │DBTYPE:Redis                                                       │
2019-09-17 17:04:25 │HOST:127.0.0.1                                                     │
2019-09-17 17:04:25 │PORT:6379                                                          │
2019-09-17 17:04:25 │PWD:***                                                            │
2019-09-17 17:04:25 │DBNAME:3                                                           │
2019-09-17 17:04:25 ├──────────────────────────────────────────────── PHPVersion:7.3.4 ┤
2019-09-17 17:04:25 └───────────────────────────────────────────────────────────────────┘
2019-09-17 17:04:25 子进程开始循环PID=9752
2019-09-17 17:04:25 子进程即将开始一个新Job,PID=9752JobInfo:{"class":"\\Yjtec\\Linque\\App\\UserApp","args":{"img":1568711051},"id":"5316b7d2ab52ed7fcd44de0745cae48a","utime":1568711051.810111}
2019-09-17 17:04:25 用户APP开始执行:5316b7d2ab52ed7fcd44de0745cae48a
2019-09-17 17:04:25 用户APP执行成功:5316b7d2ab52ed7fcd44de0745cae48a
2019-09-17 17:05:05 ┌───────────────────────────── LineQue ─────────────────────────────┐
2019-09-17 17:05:05 ├───────────────────────────────────────────── LineQueVersion:1.0.0 ┤
2019-09-17 17:05:05 │感谢您选择LineQue                                                  │
2019-09-17 17:05:05 │LineQue是一款基于PHP的简单队列程序                                 │
2019-09-17 17:05:05 │本程序参考了很多PHP_RESQUE思想                                     │
2019-09-17 17:05:05 │需要更多帮助,请访问https://github.com/kk1987n/LineQue.git                 │
2019-09-17 17:05:05 │─进程信息──────────────────────────────────────────────────────────│
2019-09-17 17:05:05 │─运行参数──────────────────────────────────────────────────────────│
2019-09-17 17:05:05 │Queue:default                                                      │
2019-09-17 17:05:05 │Interval:5s                                                        │
2019-09-17 17:05:05 │LogPath:F:\wsp\linque\src/LineQue_default.log                      │
2019-09-17 17:05:05 │─数据库配置────────────────────────────────────────────────────────│
2019-09-17 17:05:05 │DBTYPE:Redis                                                       │
2019-09-17 17:05:05 │HOST:127.0.0.1                                                     │
2019-09-17 17:05:05 │PORT:6379                                                          │
2019-09-17 17:05:05 │PWD:***                                                            │
2019-09-17 17:05:05 │DBNAME:3                                                           │
2019-09-17 17:05:05 ├──────────────────────────────────────────────── PHPVersion:7.3.4 ┤
2019-09-17 17:05:05 └───────────────────────────────────────────────────────────────────┘
2019-09-17 17:05:05 子进程开始循环PID=6812
2019-09-17 17:05:05 子进程即将开始一个新Job,PID=6812JobInfo:{"class":"\\Yjtec\\Linque\\App\\UserApp","args":{"img":1568711101},"id":"37da80558b5a5815a538aa299fc0a171","utime":1568711101.416949}
2019-09-17 17:05:05 用户APP开始执行:37da80558b5a5815a538aa299fc0a171
2019-09-17 17:05:05 用户APP执行成功:37da80558b5a5815a538aa299fc0a171
2019-09-17 17:06:50 ┌───────────────────────────── LineQue ─────────────────────────────┐
2019-09-17 17:06:50 ├───────────────────────────────────────────── LineQueVersion:1.0.0 ┤
2019-09-17 17:06:50 │感谢您选择LineQue                                                  │
2019-09-17 17:06:50 │LineQue是一款基于PHP的简单队列程序                                 │
2019-09-17 17:06:50 │本程序参考了很多PHP_RESQUE思想                                     │
2019-09-17 17:06:50 │需要更多帮助,请访问https://github.com/kk1987n/LineQue.git                 │
2019-09-17 17:06:50 │─进程信息──────────────────────────────────────────────────────────│
2019-09-17 17:06:50 │─运行参数──────────────────────────────────────────────────────────│
2019-09-17 17:06:50 │Queue:default                                                      │
2019-09-17 17:06:50 │Interval:5s                                                        │
2019-09-17 17:06:50 │LogPath:F:\wsp\linque\src/LineQue_default.log                      │
2019-09-17 17:06:50 │─数据库配置────────────────────────────────────────────────────────│
2019-09-17 17:06:50 │DBTYPE:Redis                                                       │
2019-09-17 17:06:50 │HOST:127.0.0.1                                                     │
2019-09-17 17:06:50 │PORT:6379                                                          │
2019-09-17 17:06:50 │PWD:***                                                            │
2019-09-17 17:06:50 │DBNAME:3                                                           │
2019-09-17 17:06:50 ├──────────────────────────────────────────────── PHPVersion:7.3.4 ┤
2019-09-17 17:06:50 └───────────────────────────────────────────────────────────────────┘
2019-09-17 17:06:50 子进程开始循环PID=10684
2019-09-17 17:06:50 子进程即将开始一个新Job,PID=10684，JobInfo:{"class":"\\Yjtec\\Linque\\App\\UserApp","args":{"img":1568711102},"id":"a6794fb84ec377ce6d84a7cd45474cd7","utime":1568711102.737024}
2019-09-17 17:06:50 用户APP开始执行:a6794fb84ec377ce6d84a7cd45474cd7
2019-09-17 17:06:50 用户APP执行成功:a6794fb84ec377ce6d84a7cd45474cd7
2019-09-17 17:07:27 ┌───────────────────────────── LineQue ─────────────────────────────┐
2019-09-17 17:07:27 ├───────────────────────────────────────────── LineQueVersion:1.0.0 ┤
2019-09-17 17:07:27 │感谢您选择LineQue                                                  │
2019-09-17 17:07:27 │LineQue是一款基于PHP的简单队列程序                                 │
2019-09-17 17:07:27 │本程序参考了很多PHP_RESQUE思想                                     │
2019-09-17 17:07:27 │需要更多帮助,请访问https://github.com/kk1987n/LineQue.git                 │
2019-09-17 17:07:27 │─进程信息──────────────────────────────────────────────────────────│
2019-09-17 17:07:27 │─运行参数──────────────────────────────────────────────────────────│
2019-09-17 17:07:27 │Queue:default                                                      │
2019-09-17 17:07:27 │Interval:5s                                                        │
2019-09-17 17:07:27 │LogPath:F:\wsp\linque\src/LineQue_default.log                      │
2019-09-17 17:07:27 │─数据库配置────────────────────────────────────────────────────────│
2019-09-17 17:07:27 │DBTYPE:Redis                                                       │
2019-09-17 17:07:27 │HOST:127.0.0.1                                                     │
2019-09-17 17:07:27 │PORT:6379                                                          │
2019-09-17 17:07:27 │PWD:***                                                            │
2019-09-17 17:07:27 │DBNAME:3                                                           │
2019-09-17 17:07:27 ├──────────────────────────────────────────────── PHPVersion:7.3.4 ┤
2019-09-17 17:07:27 └───────────────────────────────────────────────────────────────────┘
2019-09-17 17:07:27 子进程开始循环PID=10680
2019-09-17 17:07:27 子进程即将开始一个新Job,PID=10680，JobInfo:{"class":"\\Yjtec\\Linque\\App\\UserApp","args":{"img":1568711103},"id":"3dddce6e1484bdf46e92bd434e2a43e5","utime":1568711103.506068}
2019-09-17 17:07:27 用户APP开始执行:3dddce6e1484bdf46e92bd434e2a43e5
2019-09-17 17:07:27 用户APP执行成功:3dddce6e1484bdf46e92bd434e2a43e5
2019-09-17 17:07:27 新Job执行结束PID=10680,JobId=3dddce6e1484bdf46e92bd434e2a43e5
2019-09-17 17:07:32 子进程即将开始一个新Job,PID=10680，JobInfo:{"class":"\\Yjtec\\Linque\\App\\UserApp","args":{"img":1568711104},"id":"aeda2ac2fe33905f5281e0adaafba9eb","utime":1568711104.090102}
2019-09-17 17:07:32 用户APP开始执行:aeda2ac2fe33905f5281e0adaafba9eb
2019-09-17 17:07:32 用户APP执行成功:aeda2ac2fe33905f5281e0adaafba9eb
2019-09-17 17:07:32 新Job执行结束PID=10680,JobId=aeda2ac2fe33905f5281e0adaafba9eb
2019-09-17 17:08:17 子进程即将开始一个新Job,PID=10680，JobInfo:{"class":"\\Yjtec\\Linque\\App\\UserApp","args":{"img":1568711292},"id":"98cf545a0a43e6439e0e9725644154d1","utime":1568711292.850898}
2019-09-17 17:08:17 用户APP开始执行:98cf545a0a43e6439e0e9725644154d1
2019-09-17 17:08:17 用户APP执行成功:98cf545a0a43e6439e0e9725644154d1
2019-09-17 17:08:17 新Job执行结束PID=10680,JobId=98cf545a0a43e6439e0e9725644154d1
2019-09-17 17:22:02 子进程即将开始一个新Job,PID=10680，JobInfo:{"class":"\\Yjtec\\Linque\\App\\UserApp","args":{"img":1568712120},"id":"a57651d61fc08553c656415430410519","utime":1568712120.417232}
2019-09-17 17:22:02 用户APP开始执行:a57651d61fc08553c656415430410519
2019-09-17 17:22:02 用户APP执行成功:a57651d61fc08553c656415430410519
2019-09-17 17:22:02 新Job执行结束PID=10680,JobId=a57651d61fc08553c656415430410519
2019-09-17 17:22:04 ┌───────────────────────────── LineQue ─────────────────────────────┐
2019-09-17 17:22:04 ├───────────────────────────────────────────── LineQueVersion:1.0.0 ┤
2019-09-17 17:22:04 │感谢您选择LineQue                                                  │
2019-09-17 17:22:04 │LineQue是一款基于PHP的简单队列程序                                 │
2019-09-17 17:22:04 │本程序参考了很多PHP_RESQUE思想                                     │
2019-09-17 17:22:04 │需要更多帮助,请访问https://github.com/kk1987n/LineQue.git                 │
2019-09-17 17:22:04 │─进程信息──────────────────────────────────────────────────────────│
2019-09-17 17:22:04 │─运行参数──────────────────────────────────────────────────────────│
2019-09-17 17:22:04 │Queue:default                                                      │
2019-09-17 17:22:04 │Interval:5s                                                        │
2019-09-17 17:22:04 │LogPath:F:\wsp\linque\src/LineQue_default.log                      │
2019-09-17 17:22:04 │─数据库配置────────────────────────────────────────────────────────│
2019-09-17 17:22:04 │DBTYPE:Redis                                                       │
2019-09-17 17:22:04 │HOST:127.0.0.1                                                     │
2019-09-17 17:22:04 │PORT:6379                                                          │
2019-09-17 17:22:04 │PWD:***                                                            │
2019-09-17 17:22:04 │DBNAME:3                                                           │
2019-09-17 17:22:04 ├──────────────────────────────────────────────── PHPVersion:7.3.4 ┤
2019-09-17 17:22:04 └───────────────────────────────────────────────────────────────────┘
2019-09-17 17:23:00 ┌───────────────────────────── LineQue ─────────────────────────────┐
2019-09-17 17:23:00 ├───────────────────────────────────────────── LineQueVersion:1.0.0 ┤
2019-09-17 17:23:00 │感谢您选择LineQue                                                  │
2019-09-17 17:23:00 │LineQue是一款基于PHP的简单队列程序                                 │
2019-09-17 17:23:00 │本程序参考了很多PHP_RESQUE思想                                     │
2019-09-17 17:23:00 │需要更多帮助,请访问https://github.com/kk1987n/LineQue.git                 │
2019-09-17 17:23:00 │─进程信息──────────────────────────────────────────────────────────│
2019-09-17 17:23:00 │─运行参数──────────────────────────────────────────────────────────│
2019-09-17 17:23:00 │Queue:default                                                      │
2019-09-17 17:23:00 │Interval:5s                                                        │
2019-09-17 17:23:00 │LogPath:F:\wsp\linque\src/LineQue_default.log                      │
2019-09-17 17:23:00 │─数据库配置────────────────────────────────────────────────────────│
2019-09-17 17:23:00 │DBTYPE:Redis                                                       │
2019-09-17 17:23:00 │HOST:127.0.0.1                                                     │
2019-09-17 17:23:00 │PORT:6379                                                          │
2019-09-17 17:23:00 │PWD:***                                                            │
2019-09-17 17:23:00 │DBNAME:3                                                           │
2019-09-17 17:23:00 ├──────────────────────────────────────────────── PHPVersion:7.3.4 ┤
2019-09-17 17:23:00 └───────────────────────────────────────────────────────────────────┘
2019-09-17 17:23:00 子进程开始循环PID=9944
2019-09-17 17:23:05 子进程即将开始一个新Job,PID=9944，JobInfo:{"class":"\\Yjtec\\Linque\\App\\UserApp","args":{"img":1568712183},"id":"bcf7ecb4abd8ca183eeb6adabe9d0d8a","utime":1568712183.903863}
2019-09-17 17:23:05 用户APP开始执行:bcf7ecb4abd8ca183eeb6adabe9d0d8a
2019-09-17 17:23:05 用户APP执行成功:bcf7ecb4abd8ca183eeb6adabe9d0d8a
2019-09-17 17:23:05 新Job执行结束PID=9944,JobId=bcf7ecb4abd8ca183eeb6adabe9d0d8a
